2015-08-11 06:54:29,396 [myid:] - INFO  [main:QuorumPeerConfig@103] - Reading configuration from: /Users/DevelopLee/Mongo_study/Zoo/nodejs-mongodb-zookeeper/zoo/zoo_cluster/zookeeper3/zookeeper-3.4.6/bin/../conf/zoo.cfg
2015-08-11 06:54:29,399 [myid:] - INFO  [main:QuorumPeerConfig@340] - Defaulting to majority quorums
2015-08-11 06:54:29,402 [myid:3] - INFO  [main:DatadirCleanupManager@78] - autopurge.snapRetainCount set to 3
2015-08-11 06:54:29,402 [myid:3] - INFO  [main:DatadirCleanupManager@79] - autopurge.purgeInterval set to 0
2015-08-11 06:54:29,402 [myid:3] - INFO  [main:DatadirCleanupManager@101] - Purge task is not scheduled.
2015-08-11 06:54:29,410 [myid:3] - INFO  [main:QuorumPeerMain@127] - Starting quorum peer
2015-08-11 06:54:29,424 [myid:3] - INFO  [main:NIOServerCnxnFactory@94] - binding to port 0.0.0.0/0.0.0.0:2183
2015-08-11 06:54:29,437 [myid:3] - INFO  [main:QuorumPeer@959] - tickTime set to 2000
2015-08-11 06:54:29,437 [myid:3] - INFO  [main:QuorumPeer@979] - minSessionTimeout set to -1
2015-08-11 06:54:29,437 [myid:3] - INFO  [main:QuorumPeer@990] - maxSessionTimeout set to -1
2015-08-11 06:54:29,437 [myid:3] - INFO  [main:QuorumPeer@1005] - initLimit set to 10
2015-08-11 06:54:29,445 [myid:3] - INFO  [main:FileSnap@83] - Reading snapshot ./../../../zookeeper3_data/version-2/snapshot.1300000005
2015-08-11 06:54:29,471 [myid:3] - INFO  [Thread-1:QuorumCnxManager$Listener@504] - My election bind port: localhost/127.0.0.1:3890
2015-08-11 06:54:29,476 [myid:3] - INFO  [QuorumPeer[myid=3]/0:0:0:0:0:0:0:0:2183:QuorumPeer@714] - LOOKING
2015-08-11 06:54:29,477 [myid:3] - INFO  [QuorumPeer[myid=3]/0:0:0:0:0:0:0:0:2183:FastLeaderElection@815] - New election. My id =  3, proposed zxid=0x13000000cd
2015-08-11 06:54:29,480 [myid:3] - WARN  [WorkerSender[myid=3]:QuorumCnxManager@382] - Cannot open channel to 1 at election address localhost/127.0.0.1:3888
java.net.ConnectException: Connection refused
	at java.net.PlainSocketImpl.socketConnect(Native Method)
	at java.net.AbstractPlainSocketImpl.doConnect(AbstractPlainSocketImpl.java:345)
	at java.net.AbstractPlainSocketImpl.connectToAddress(AbstractPlainSocketImpl.java:206)
	at java.net.AbstractPlainSocketImpl.connect(AbstractPlainSocketImpl.java:188)
	at java.net.SocksSocketImpl.connect(SocksSocketImpl.java:392)
	at java.net.Socket.connect(Socket.java:589)
	at org.apache.zookeeper.server.quorum.QuorumCnxManager.connectOne(QuorumCnxManager.java:368)
	at org.apache.zookeeper.server.quorum.QuorumCnxManager.toSend(QuorumCnxManager.java:341)
	at org.apache.zookeeper.server.quorum.FastLeaderElection$Messenger$WorkerSender.process(FastLeaderElection.java:449)
	at org.apache.zookeeper.server.quorum.FastLeaderElection$Messenger$WorkerSender.run(FastLeaderElection.java:430)
	at java.lang.Thread.run(Thread.java:745)
2015-08-11 06:54:29,483 [myid:3] - WARN  [WorkerSender[myid=3]:QuorumCnxManager@382] - Cannot open channel to 2 at election address localhost/127.0.0.1:3889
java.net.ConnectException: Connection refused
	at java.net.PlainSocketImpl.socketConnect(Native Method)
	at java.net.AbstractPlainSocketImpl.doConnect(AbstractPlainSocketImpl.java:345)
	at java.net.AbstractPlainSocketImpl.connectToAddress(AbstractPlainSocketImpl.java:206)
	at java.net.AbstractPlainSocketImpl.connect(AbstractPlainSocketImpl.java:188)
	at java.net.SocksSocketImpl.connect(SocksSocketImpl.java:392)
	at java.net.Socket.connect(Socket.java:589)
	at org.apache.zookeeper.server.quorum.QuorumCnxManager.connectOne(QuorumCnxManager.java:368)
	at org.apache.zookeeper.server.quorum.QuorumCnxManager.toSend(QuorumCnxManager.java:341)
	at org.apache.zookeeper.server.quorum.FastLeaderElection$Messenger$WorkerSender.process(FastLeaderElection.java:449)
	at org.apache.zookeeper.server.quorum.FastLeaderElection$Messenger$WorkerSender.run(FastLeaderElection.java:430)
	at java.lang.Thread.run(Thread.java:745)
2015-08-11 06:54:29,484 [myid:3] - INFO  [WorkerReceiver[myid=3]:FastLeaderElection@597] - Notification: 1 (message format version), 3 (n.leader), 0x13000000cd (n.zxid), 0x1 (n.round), LOOKING (n.state), 3 (n.sid), 0x13 (n.peerEpoch) LOOKING (my state)
2015-08-11 06:54:29,690 [myid:3] - WARN  [QuorumPeer[myid=3]/0:0:0:0:0:0:0:0:2183:QuorumCnxManager@382] - Cannot open channel to 1 at election address localhost/127.0.0.1:3888
java.net.ConnectException: Connection refused
	at java.net.PlainSocketImpl.socketConnect(Native Method)
	at java.net.AbstractPlainSocketImpl.doConnect(AbstractPlainSocketImpl.java:345)
	at java.net.AbstractPlainSocketImpl.connectToAddress(AbstractPlainSocketImpl.java:206)
	at java.net.AbstractPlainSocketImpl.connect(AbstractPlainSocketImpl.java:188)
	at java.net.SocksSocketImpl.connect(SocksSocketImpl.java:392)
	at java.net.Socket.connect(Socket.java:589)
	at org.apache.zookeeper.server.quorum.QuorumCnxManager.connectOne(QuorumCnxManager.java:368)
	at org.apache.zookeeper.server.quorum.QuorumCnxManager.connectAll(QuorumCnxManager.java:402)
	at org.apache.zookeeper.server.quorum.FastLeaderElection.lookForLeader(FastLeaderElection.java:840)
	at org.apache.zookeeper.server.quorum.QuorumPeer.run(QuorumPeer.java:762)
2015-08-11 06:54:29,692 [myid:3] - WARN  [QuorumPeer[myid=3]/0:0:0:0:0:0:0:0:2183:QuorumCnxManager@382] - Cannot open channel to 2 at election address localhost/127.0.0.1:3889
java.net.ConnectException: Connection refused
	at java.net.PlainSocketImpl.socketConnect(Native Method)
	at java.net.AbstractPlainSocketImpl.doConnect(AbstractPlainSocketImpl.java:345)
	at java.net.AbstractPlainSocketImpl.connectToAddress(AbstractPlainSocketImpl.java:206)
	at java.net.AbstractPlainSocketImpl.connect(AbstractPlainSocketImpl.java:188)
	at java.net.SocksSocketImpl.connect(SocksSocketImpl.java:392)
	at java.net.Socket.connect(Socket.java:589)
	at org.apache.zookeeper.server.quorum.QuorumCnxManager.connectOne(QuorumCnxManager.java:368)
	at org.apache.zookeeper.server.quorum.QuorumCnxManager.connectAll(QuorumCnxManager.java:402)
	at org.apache.zookeeper.server.quorum.FastLeaderElection.lookForLeader(FastLeaderElection.java:840)
	at org.apache.zookeeper.server.quorum.QuorumPeer.run(QuorumPeer.java:762)
2015-08-11 06:54:29,693 [myid:3] - INFO  [QuorumPeer[myid=3]/0:0:0:0:0:0:0:0:2183:FastLeaderElection@849] - Notification time out: 400
2015-08-11 06:54:30,096 [myid:3] - WARN  [QuorumPeer[myid=3]/0:0:0:0:0:0:0:0:2183:QuorumCnxManager@382] - Cannot open channel to 1 at election address localhost/127.0.0.1:3888
java.net.ConnectException: Connection refused
	at java.net.PlainSocketImpl.socketConnect(Native Method)
	at java.net.AbstractPlainSocketImpl.doConnect(AbstractPlainSocketImpl.java:345)
	at java.net.AbstractPlainSocketImpl.connectToAddress(AbstractPlainSocketImpl.java:206)
	at java.net.AbstractPlainSocketImpl.connect(AbstractPlainSocketImpl.java:188)
	at java.net.SocksSocketImpl.connect(SocksSocketImpl.java:392)
	at java.net.Socket.connect(Socket.java:589)
	at org.apache.zookeeper.server.quorum.QuorumCnxManager.connectOne(QuorumCnxManager.java:368)
	at org.apache.zookeeper.server.quorum.QuorumCnxManager.connectAll(QuorumCnxManager.java:402)
	at org.apache.zookeeper.server.quorum.FastLeaderElection.lookForLeader(FastLeaderElection.java:840)
	at org.apache.zookeeper.server.quorum.QuorumPeer.run(QuorumPeer.java:762)
2015-08-11 06:54:30,097 [myid:3] - WARN  [QuorumPeer[myid=3]/0:0:0:0:0:0:0:0:2183:QuorumCnxManager@382] - Cannot open channel to 2 at election address localhost/127.0.0.1:3889
java.net.ConnectException: Connection refused
	at java.net.PlainSocketImpl.socketConnect(Native Method)
	at java.net.AbstractPlainSocketImpl.doConnect(AbstractPlainSocketImpl.java:345)
	at java.net.AbstractPlainSocketImpl.connectToAddress(AbstractPlainSocketImpl.java:206)
	at java.net.AbstractPlainSocketImpl.connect(AbstractPlainSocketImpl.java:188)
	at java.net.SocksSocketImpl.connect(SocksSocketImpl.java:392)
	at java.net.Socket.connect(Socket.java:589)
	at org.apache.zookeeper.server.quorum.QuorumCnxManager.connectOne(QuorumCnxManager.java:368)
	at org.apache.zookeeper.server.quorum.QuorumCnxManager.connectAll(QuorumCnxManager.java:402)
	at org.apache.zookeeper.server.quorum.FastLeaderElection.lookForLeader(FastLeaderElection.java:840)
	at org.apache.zookeeper.server.quorum.QuorumPeer.run(QuorumPeer.java:762)
2015-08-11 06:54:30,098 [myid:3] - INFO  [QuorumPeer[myid=3]/0:0:0:0:0:0:0:0:2183:FastLeaderElection@849] - Notification time out: 800
2015-08-11 06:54:30,904 [myid:3] - WARN  [QuorumPeer[myid=3]/0:0:0:0:0:0:0:0:2183:QuorumCnxManager@382] - Cannot open channel to 1 at election address localhost/127.0.0.1:3888
java.net.ConnectException: Connection refused
	at java.net.PlainSocketImpl.socketConnect(Native Method)
	at java.net.AbstractPlainSocketImpl.doConnect(AbstractPlainSocketImpl.java:345)
	at java.net.AbstractPlainSocketImpl.connectToAddress(AbstractPlainSocketImpl.java:206)
	at java.net.AbstractPlainSocketImpl.connect(AbstractPlainSocketImpl.java:188)
	at java.net.SocksSocketImpl.connect(SocksSocketImpl.java:392)
	at java.net.Socket.connect(Socket.java:589)
	at org.apache.zookeeper.server.quorum.QuorumCnxManager.connectOne(QuorumCnxManager.java:368)
	at org.apache.zookeeper.server.quorum.QuorumCnxManager.connectAll(QuorumCnxManager.java:402)
	at org.apache.zookeeper.server.quorum.FastLeaderElection.lookForLeader(FastLeaderElection.java:840)
	at org.apache.zookeeper.server.quorum.QuorumPeer.run(QuorumPeer.java:762)
2015-08-11 06:54:30,905 [myid:3] - WARN  [QuorumPeer[myid=3]/0:0:0:0:0:0:0:0:2183:QuorumCnxManager@382] - Cannot open channel to 2 at election address localhost/127.0.0.1:3889
java.net.ConnectException: Connection refused
	at java.net.PlainSocketImpl.socketConnect(Native Method)
	at java.net.AbstractPlainSocketImpl.doConnect(AbstractPlainSocketImpl.java:345)
	at java.net.AbstractPlainSocketImpl.connectToAddress(AbstractPlainSocketImpl.java:206)
	at java.net.AbstractPlainSocketImpl.connect(AbstractPlainSocketImpl.java:188)
	at java.net.SocksSocketImpl.connect(SocksSocketImpl.java:392)
	at java.net.Socket.connect(Socket.java:589)
	at org.apache.zookeeper.server.quorum.QuorumCnxManager.connectOne(QuorumCnxManager.java:368)
	at org.apache.zookeeper.server.quorum.QuorumCnxManager.connectAll(QuorumCnxManager.java:402)
	at org.apache.zookeeper.server.quorum.FastLeaderElection.lookForLeader(FastLeaderElection.java:840)
	at org.apache.zookeeper.server.quorum.QuorumPeer.run(QuorumPeer.java:762)
2015-08-11 06:54:30,905 [myid:3] - INFO  [QuorumPeer[myid=3]/0:0:0:0:0:0:0:0:2183:FastLeaderElection@849] - Notification time out: 1600
2015-08-11 06:54:32,511 [myid:3] - WARN  [QuorumPeer[myid=3]/0:0:0:0:0:0:0:0:2183:QuorumCnxManager@382] - Cannot open channel to 1 at election address localhost/127.0.0.1:3888
java.net.ConnectException: Connection refused
	at java.net.PlainSocketImpl.socketConnect(Native Method)
	at java.net.AbstractPlainSocketImpl.doConnect(AbstractPlainSocketImpl.java:345)
	at java.net.AbstractPlainSocketImpl.connectToAddress(AbstractPlainSocketImpl.java:206)
	at java.net.AbstractPlainSocketImpl.connect(AbstractPlainSocketImpl.java:188)
	at java.net.SocksSocketImpl.connect(SocksSocketImpl.java:392)
	at java.net.Socket.connect(Socket.java:589)
	at org.apache.zookeeper.server.quorum.QuorumCnxManager.connectOne(QuorumCnxManager.java:368)
	at org.apache.zookeeper.server.quorum.QuorumCnxManager.connectAll(QuorumCnxManager.java:402)
	at org.apache.zookeeper.server.quorum.FastLeaderElection.lookForLeader(FastLeaderElection.java:840)
	at org.apache.zookeeper.server.quorum.QuorumPeer.run(QuorumPeer.java:762)
2015-08-11 06:54:32,512 [myid:3] - WARN  [QuorumPeer[myid=3]/0:0:0:0:0:0:0:0:2183:QuorumCnxManager@382] - Cannot open channel to 2 at election address localhost/127.0.0.1:3889
java.net.ConnectException: Connection refused
	at java.net.PlainSocketImpl.socketConnect(Native Method)
	at java.net.AbstractPlainSocketImpl.doConnect(AbstractPlainSocketImpl.java:345)
	at java.net.AbstractPlainSocketImpl.connectToAddress(AbstractPlainSocketImpl.java:206)
	at java.net.AbstractPlainSocketImpl.connect(AbstractPlainSocketImpl.java:188)
	at java.net.SocksSocketImpl.connect(SocksSocketImpl.java:392)
	at java.net.Socket.connect(Socket.java:589)
	at org.apache.zookeeper.server.quorum.QuorumCnxManager.connectOne(QuorumCnxManager.java:368)
	at org.apache.zookeeper.server.quorum.QuorumCnxManager.connectAll(QuorumCnxManager.java:402)
	at org.apache.zookeeper.server.quorum.FastLeaderElection.lookForLeader(FastLeaderElection.java:840)
	at org.apache.zookeeper.server.quorum.QuorumPeer.run(QuorumPeer.java:762)
2015-08-11 06:54:32,512 [myid:3] - INFO  [QuorumPeer[myid=3]/0:0:0:0:0:0:0:0:2183:FastLeaderElection@849] - Notification time out: 3200
2015-08-11 06:54:35,716 [myid:3] - WARN  [QuorumPeer[myid=3]/0:0:0:0:0:0:0:0:2183:QuorumCnxManager@382] - Cannot open channel to 1 at election address localhost/127.0.0.1:3888
java.net.ConnectException: Connection refused
	at java.net.PlainSocketImpl.socketConnect(Native Method)
	at java.net.AbstractPlainSocketImpl.doConnect(AbstractPlainSocketImpl.java:345)
	at java.net.AbstractPlainSocketImpl.connectToAddress(AbstractPlainSocketImpl.java:206)
	at java.net.AbstractPlainSocketImpl.connect(AbstractPlainSocketImpl.java:188)
	at java.net.SocksSocketImpl.connect(SocksSocketImpl.java:392)
	at java.net.Socket.connect(Socket.java:589)
	at org.apache.zookeeper.server.quorum.QuorumCnxManager.connectOne(QuorumCnxManager.java:368)
	at org.apache.zookeeper.server.quorum.QuorumCnxManager.connectAll(QuorumCnxManager.java:402)
	at org.apache.zookeeper.server.quorum.FastLeaderElection.lookForLeader(FastLeaderElection.java:840)
	at org.apache.zookeeper.server.quorum.QuorumPeer.run(QuorumPeer.java:762)
2015-08-11 06:54:35,717 [myid:3] - WARN  [QuorumPeer[myid=3]/0:0:0:0:0:0:0:0:2183:QuorumCnxManager@382] - Cannot open channel to 2 at election address localhost/127.0.0.1:3889
java.net.ConnectException: Connection refused
	at java.net.PlainSocketImpl.socketConnect(Native Method)
	at java.net.AbstractPlainSocketImpl.doConnect(AbstractPlainSocketImpl.java:345)
	at java.net.AbstractPlainSocketImpl.connectToAddress(AbstractPlainSocketImpl.java:206)
	at java.net.AbstractPlainSocketImpl.connect(AbstractPlainSocketImpl.java:188)
	at java.net.SocksSocketImpl.connect(SocksSocketImpl.java:392)
	at java.net.Socket.connect(Socket.java:589)
	at org.apache.zookeeper.server.quorum.QuorumCnxManager.connectOne(QuorumCnxManager.java:368)
	at org.apache.zookeeper.server.quorum.QuorumCnxManager.connectAll(QuorumCnxManager.java:402)
	at org.apache.zookeeper.server.quorum.FastLeaderElection.lookForLeader(FastLeaderElection.java:840)
	at org.apache.zookeeper.server.quorum.QuorumPeer.run(QuorumPeer.java:762)
2015-08-11 06:54:35,717 [myid:3] - INFO  [QuorumPeer[myid=3]/0:0:0:0:0:0:0:0:2183:FastLeaderElection@849] - Notification time out: 6400
2015-08-11 06:54:42,123 [myid:3] - WARN  [QuorumPeer[myid=3]/0:0:0:0:0:0:0:0:2183:QuorumCnxManager@382] - Cannot open channel to 1 at election address localhost/127.0.0.1:3888
java.net.ConnectException: Connection refused
	at java.net.PlainSocketImpl.socketConnect(Native Method)
	at java.net.AbstractPlainSocketImpl.doConnect(AbstractPlainSocketImpl.java:345)
	at java.net.AbstractPlainSocketImpl.connectToAddress(AbstractPlainSocketImpl.java:206)
	at java.net.AbstractPlainSocketImpl.connect(AbstractPlainSocketImpl.java:188)
	at java.net.SocksSocketImpl.connect(SocksSocketImpl.java:392)
	at java.net.Socket.connect(Socket.java:589)
	at org.apache.zookeeper.server.quorum.QuorumCnxManager.connectOne(QuorumCnxManager.java:368)
	at org.apache.zookeeper.server.quorum.QuorumCnxManager.connectAll(QuorumCnxManager.java:402)
	at org.apache.zookeeper.server.quorum.FastLeaderElection.lookForLeader(FastLeaderElection.java:840)
	at org.apache.zookeeper.server.quorum.QuorumPeer.run(QuorumPeer.java:762)
2015-08-11 06:54:42,124 [myid:3] - WARN  [QuorumPeer[myid=3]/0:0:0:0:0:0:0:0:2183:QuorumCnxManager@382] - Cannot open channel to 2 at election address localhost/127.0.0.1:3889
java.net.ConnectException: Connection refused
	at java.net.PlainSocketImpl.socketConnect(Native Method)
	at java.net.AbstractPlainSocketImpl.doConnect(AbstractPlainSocketImpl.java:345)
	at java.net.AbstractPlainSocketImpl.connectToAddress(AbstractPlainSocketImpl.java:206)
	at java.net.AbstractPlainSocketImpl.connect(AbstractPlainSocketImpl.java:188)
	at java.net.SocksSocketImpl.connect(SocksSocketImpl.java:392)
	at java.net.Socket.connect(Socket.java:589)
	at org.apache.zookeeper.server.quorum.QuorumCnxManager.connectOne(QuorumCnxManager.java:368)
	at org.apache.zookeeper.server.quorum.QuorumCnxManager.connectAll(QuorumCnxManager.java:402)
	at org.apache.zookeeper.server.quorum.FastLeaderElection.lookForLeader(FastLeaderElection.java:840)
	at org.apache.zookeeper.server.quorum.QuorumPeer.run(QuorumPeer.java:762)
2015-08-11 06:54:42,124 [myid:3] - INFO  [QuorumPeer[myid=3]/0:0:0:0:0:0:0:0:2183:FastLeaderElection@849] - Notification time out: 12800
